#
# There is insufficient memory for the Java Runtime Environment to continue.
# Native memory allocation (mmap) failed to map 268435456 bytes for Failed to commit area from 0x00000000c0000000 to 0x00000000d0000000 of length 268435456.
# Possible reasons:
#   The system is out of physical RAM or swap space
#   The process is running with CompressedOops enabled, and the Java Heap may be blocking the growth of the native heap
# Possible solutions:
#   Reduce memory load on the system
#   Increase physical memory or swap space
#   Check if swap backing store is full
#   Decrease Java heap size (-Xmx/-Xms)
#   Decrease number of Java threads
#   Decrease Java thread stack sizes (-Xss)
#   Set larger code cache with -XX:ReservedCodeCacheSize=
# This output file may be truncated or incomplete.
#
#  Out of Memory Error (./src/hotspot/os/windows/os_windows.cpp:3387), pid=40092, tid=41056
#
# JRE version:  (11.0.14.1+1) (build )
# Java VM: OpenJDK 64-Bit Server VM (11.0.14.1+1, mixed mode, sharing, tiered, compressed oops, g1 gc, windows-amd64)
# No core dump will be written. Minidumps are not enabled by default on client versions of Windows
#

---------------  S U M M A R Y ------------

Command Line: -Dosgi.requiredJavaVersion=1.8 -Dosgi.instance.area.default=@user.home/STM32CubeIDE/workspace_1.10.1 -Declipse.buildId=Version 1.10.1 -DproductMaturityGrade=mm -XX:+UseG1GC -XX:+UseStringDeduplication -Xms256m -Xmx1024m -Djavax.net.ssl.trustStoreType=WINDOWS-ROOT 

Host: Intel(R) Core(TM) i5-9400 CPU @ 2.90GHz, 6 cores, 7G,  Windows 10 , 64 bit Build 19041 (10.0.19041.2251)
Time: Thu Nov 17 11:33:36 2022 대한민국 표준시 elapsed time: 0.007061 seconds (0d 0h 0m 0s)

---------------  T H R E A D  ---------------

Current thread (0x00000298419c6000):  JavaThread "Unknown thread" [_thread_in_vm, id=41056, stack(0x000000cfe2c30000,0x000000cfe2d30000)]

Stack: [0x000000cfe2c30000,0x000000cfe2d30000]
Native frames: (J=compiled Java code, j=interpreted, Vv=VM code, C=native code)
V  [jvm.dll+0x61e59a]
V  [jvm.dll+0x7aaca9]
V  [jvm.dll+0x7ac398]
V  [jvm.dll+0x7aca73]
V  [jvm.dll+0x24f9b8]
V  [jvm.dll+0x61b83a]
V  [jvm.dll+0x6100c5]
V  [jvm.dll+0x30772c]
V  [jvm.dll+0x3075b2]
V  [jvm.dll+0x30c2d6]
V  [jvm.dll+0x35272f]
V  [jvm.dll+0x352160]
V  [jvm.dll+0x2e4728]
V  [jvm.dll+0x2e5886]
V  [jvm.dll+0x784b07]
V  [jvm.dll+0x78628f]
V  [jvm.dll+0x35f479]
V  [jvm.dll+0x767aa0]
V  [jvm.dll+0x3ccf1f]
V  [jvm.dll+0x3cf2b1]
C  [eclipse_11602.dll+0x72e2]
C  [eclipse_11602.dll+0x3f69]
C  [stm32cubeide.exe+0x1f27]
C  [stm32cubeide.exe+0x3b74]
C  [KERNEL32.DLL+0x174b4]
C  [ntdll.dll+0x526a1]


---------------  P R O C E S S  ---------------

Threads class SMR info:
_java_thread_list=0x000002984012bde0, length=0, elements={
}

Java Threads: ( => current thread )

Other Threads:
  0x00000298419dc800 GCTaskThread "GC Thread#0" [stack: 0x000000cfe3300000,0x000000cfe3400000] [id=11436]
  0x00000298419fb000 ConcurrentGCThread "G1 Main Marker" [stack: 0x000000cfe3400000,0x000000cfe3500000] [id=25060]
  0x00000298419fc000 ConcurrentGCThread "G1 Conc#0" [stack: 0x000000cfe3500000,0x000000cfe3600000] [id=40616]

[error occurred during error reporting (printing all threads), id 0xc0000005, EXCEPTION_ACCESS_VIOLATION (0xc0000005) at pc=0x00007fff5d863ef7]

VM state:not at safepoint (not fully initialized)

VM Mutex/Monitor currently owned by a thread:  ([mutex/lock_event])
[0x00000298419c2970] Heap_lock - owner thread: 0x00000298419c6000

Heap address: 0x00000000c0000000, size: 1024 MB, Compressed Oops mode: Non-zero based: 0x00000000c0000000
Narrow klass base: 0x0000000000000000, Narrow klass shift: 0

GC Heap History (0 events):
No events

Deoptimization events (0 events):
No events

Classes redefined (0 events):
No events

Internal exceptions (0 events):
No events

Events (1 events):
Event: 0.004 Loaded shared library C:\ST\STM32CubeIDE_1.10.1\STM32CubeIDE\plugins\com.st.stm32cube.ide.jre.win64_2.2.0.202203101208\jre\bin\zip.dll


Dynamic libraries:
0x00007ff6353b0000 - 0x00007ff635434000 	C:\ST\STM32CubeIDE_1.10.1\STM32CubeIDE\stm32cubeide.exe
0x00007fff92990000 - 0x00007fff92b88000 	C:\Windows\SYSTEM32\ntdll.dll
0x00007fff91010000 - 0x00007fff910cf000 	C:\Windows\System32\KERNEL32.DLL
0x00007fff90460000 - 0x00007fff90732000 	C:\Windows\System32\KERNELBASE.dll
0x00007fff92550000 - 0x00007fff926ed000 	C:\Windows\System32\USER32.dll
0x00007fff903c0000 - 0x00007fff903e2000 	C:\Windows\System32\win32u.dll
0x00007fff90b10000 - 0x00007fff90b3b000 	C:\Windows\System32\GDI32.dll
0x00007fff90740000 - 0x00007fff9084f000 	C:\Windows\System32\gdi32full.dll
0x00007fff900e0000 - 0x00007fff9017d000 	C:\Windows\System32\msvcp_win.dll
0x00007fff908e0000 - 0x00007fff909e0000 	C:\Windows\System32\ucrtbase.dll
0x00007fff7c710000 - 0x00007fff7c9aa000 	C:\Windows\WinSxS\amd64_microsoft.windows.common-controls_6595b64144ccf1df_6.0.19041.1110_none_60b5254171f9507e\COMCTL32.dll
0x00007fff919f0000 - 0x00007fff91a8e000 	C:\Windows\System32\msvcrt.dll
0x00007fff927d0000 - 0x00007fff92802000 	C:\Windows\System32\IMM32.DLL
0x00007fff76690000 - 0x00007fff766ce000 	C:\ST\STM32CubeIDE_1.10.1\STM32CubeIDE\plugins\org.eclipse.equinox.launcher.win32.win32.x86_64_1.2.400.v20211117-0650\eclipse_11602.dll
0x00007fff910d0000 - 0x00007fff9117e000 	C:\Windows\System32\ADVAPI32.dll
0x00007fff921e0000 - 0x00007fff9227c000 	C:\Windows\System32\sechost.dll
0x00007fff909e0000 - 0x00007fff90b05000 	C:\Windows\System32\RPCRT4.dll
0x00007fff90e80000 - 0x00007fff90faa000 	C:\Windows\System32\ole32.dll
0x00007fff91670000 - 0x00007fff919c4000 	C:\Windows\System32\combase.dll
0x00007fff8aa60000 - 0x00007fff8aa6a000 	C:\Windows\SYSTEM32\VERSION.dll
0x00007fff5d570000 - 0x00007fff5e0f1000 	C:\ST\STM32CubeIDE_1.10.1\STM32CubeIDE\plugins\com.st.stm32cube.ide.jre.win64_2.2.0.202203101208\jre\bin\server\jvm.dll
0x00007fff922e0000 - 0x00007fff922e8000 	C:\Windows\System32\PSAPI.DLL
0x00007fff885b0000 - 0x00007fff885b9000 	C:\Windows\SYSTEM32\WSOCK32.dll
0x00007fff7c6c0000 - 0x00007fff7c6e7000 	C:\Windows\SYSTEM32\WINMM.dll
0x00007fff7aa10000 - 0x00007fff7aa2b000 	C:\Windows\SYSTEM32\VCRUNTIME140.dll
0x00007fff90cf0000 - 0x00007fff90d5b000 	C:\Windows\System32\WS2_32.dll
0x00007fff79720000 - 0x00007fff79730000 	C:\ST\STM32CubeIDE_1.10.1\STM32CubeIDE\plugins\com.st.stm32cube.ide.jre.win64_2.2.0.202203101208\jre\bin\verify.dll
0x00007fff7c9b0000 - 0x00007fff7cb94000 	C:\Windows\SYSTEM32\DBGHELP.DLL
0x00007fff7cc20000 - 0x00007fff7cc4c000 	C:\Windows\SYSTEM32\dbgcore.DLL
0x00007fff90850000 - 0x00007fff908d2000 	C:\Windows\System32\bcryptPrimitives.dll
0x00007fff78ff0000 - 0x00007fff79018000 	C:\ST\STM32CubeIDE_1.10.1\STM32CubeIDE\plugins\com.st.stm32cube.ide.jre.win64_2.2.0.202203101208\jre\bin\java.dll
0x00007fff79300000 - 0x00007fff7930a000 	C:\ST\STM32CubeIDE_1.10.1\STM32CubeIDE\plugins\com.st.stm32cube.ide.jre.win64_2.2.0.202203101208\jre\bin\jimage.dll
0x00007fff78fa0000 - 0x00007fff78fb8000 	C:\ST\STM32CubeIDE_1.10.1\STM32CubeIDE\plugins\com.st.stm32cube.ide.jre.win64_2.2.0.202203101208\jre\bin\zip.dll
0x00007fff8df70000 - 0x00007fff8df82000 	C:\Windows\SYSTEM32\kernel.appcore.dll

dbghelp: loaded successfully - version: 4.0.5 - missing functions: none
symbol engine: initialized successfully - sym options: 0x614 - pdb path: .;C:\ST\STM32CubeIDE_1.10.1\STM32CubeIDE;C:\Windows\SYSTEM32;C:\Windows\WinSxS\amd64_microsoft.windows.common-controls_6595b64144ccf1df_6.0.19041.1110_none_60b5254171f9507e;C:\ST\STM32CubeIDE_1.10.1\STM32CubeIDE\plugins\org.eclipse.equinox.launcher.win32.win32.x86_64_1.2.400.v20211117-0650;C:\ST\STM32CubeIDE_1.10.1\STM32CubeIDE\plugins\com.st.stm32cube.ide.jre.win64_2.2.0.202203101208\jre\bin\server;C:\ST\STM32CubeIDE_1.10.1\STM32CubeIDE\plugins\com.st.stm32cube.ide.jre.win64_2.2.0.202203101208\jre\bin

VM Arguments:
jvm_args: -Dosgi.requiredJavaVersion=1.8 -Dosgi.instance.area.default=@user.home/STM32CubeIDE/workspace_1.10.1 -Declipse.buildId=Version 1.10.1 -DproductMaturityGrade=mm -XX:+UseG1GC -XX:+UseStringDeduplication -Xms256m -Xmx1024m -Djavax.net.ssl.trustStoreType=WINDOWS-ROOT 
java_command: <unknown>
java_class_path (initial): C:\ST\STM32CubeIDE_1.10.1\STM32CubeIDE\\plugins/org.eclipse.equinox.launcher_1.6.400.v20210924-0641.jar
Launcher Type: generic

[Global flags]
     intx CICompilerCount                          = 3                                         {product} {ergonomic}
     uint ConcGCThreads                            = 2                                         {product} {ergonomic}
     uint G1ConcRefinementThreads                  = 6                                         {product} {ergonomic}
   size_t G1HeapRegionSize                         = 1048576                                   {product} {ergonomic}
    uintx GCDrainStackTargetSize                   = 64                                        {product} {ergonomic}
   size_t InitialHeapSize                          = 268435456                                 {product} {command line}
   size_t MarkStackSize                            = 4194304                                   {product} {ergonomic}
   size_t MaxHeapSize                              = 1073741824                                {product} {command line}
   size_t MinHeapDeltaBytes                        = 1048576                                   {product} {ergonomic}
    uintx NonNMethodCodeHeapSize                   = 5830732                                {pd product} {ergonomic}
    uintx NonProfiledCodeHeapSize                  = 122913754                              {pd product} {ergonomic}
    uintx ProfiledCodeHeapSize                     = 122913754                              {pd product} {ergonomic}
    uintx ReservedCodeCacheSize                    = 251658240                              {pd product} {ergonomic}
     bool SegmentedCodeCache                       = true                                      {product} {ergonomic}
     bool UseCompressedClassPointers               = true                                 {lp64_product} {ergonomic}
     bool UseCompressedOops                        = true                                 {lp64_product} {ergonomic}
     bool UseG1GC                                  = true                                      {product} {command line}
     bool UseLargePagesIndividualAllocation        = false                                  {pd product} {ergonomic}
     bool UseStringDeduplication                   = true                                      {product} {command line}

Logging:
Log output configuration:
 #0: stdout all=warning uptime,level,tags
 #1: stderr all=off uptime,level,tags

Environment Variables:
PATH=C:\Windows\system32;C:\Windows;C:\Windows\System32\Wbem;C:\Windows\System32\WindowsPowerShell\v1.0\;C:\Windows\System32\OpenSSH\;C:\Program Files (x86)\Microchip\MPLAB C32 Suite\bin;C:\Program Files (x86)\IDM Computer Solutions\UltraEdit-32;C:\MinGW\bin;C:\Users\TTT\AppData\Local\Microsoft\WindowsApps;C:\Users\TTT\AppData\Local\Programs\Microsoft VS Code\bin;C:\Users\TTT\AppData\Local\GitHubDesktop\bin;
USERNAME=TTT
OS=Windows_NT
PROCESSOR_IDENTIFIER=Intel64 Family 6 Model 158 Stepping 10, GenuineIntel



---------------  S Y S T E M  ---------------

OS: Windows 10 , 64 bit Build 19041 (10.0.19041.2251)
OS uptime: 0 days 21:05 hours

CPU:total 6 (initial active 6) (6 cores per cpu, 1 threads per core) family 6 model 158 stepping 10 microcode 0xb4, cmov, cx8, fxsr, mmx, sse, sse2, sse3, ssse3, sse4.1, sse4.2, popcnt, avx, avx2, aes, clmul, erms, 3dnowpref, lzcnt, tsc, tscinvbit, bmi1, bmi2, adx, fma

Memory: 4k page, system-wide physical 8053M (1273M free)
TotalPageFile size 8053M (AvailPageFile size 44M)
current process WorkingSet (physical memory assigned to process): 10M, peak: 10M
current process commit charge ("private bytes"): 55M, peak: 311M

vm_info: OpenJDK 64-Bit Server VM (11.0.14.1+1) for windows-amd64 JRE (11.0.14.1+1), built on Feb  9 2022 01:48:27 by "" with unknown MS VC++:1916

END.
